d:\userdata\visual studio\repos\coursedesign\musttodo\t5(hash)_qt\t5(hash)_qt\x64\debug\qrc_t5hash_qt.obj
d:\userdata\visual studio\repos\coursedesign\musttodo\t5(hash)_qt\t5(hash)_qt\x64\debug\moc_t5hash_qt.obj
d:\userdata\visual studio\repos\coursedesign\musttodo\t5(hash)_qt\t5(hash)_qt\x64\debug\vc142.pdb
d:\userdata\visual studio\repos\coursedesign\musttodo\t5(hash)_qt\t5(hash)_qt\x64\debug\main.obj
d:\userdata\visual studio\repos\coursedesign\musttodo\t5(hash)_qt\t5(hash)_qt\x64\debug\t5hash_qt.obj
d:\userdata\visual studio\repos\coursedesign\musttodo\t5(hash)_qt\t5(hash)_qt\x64\debug\hash.obj
d:\userdata\visual studio\repos\coursedesign\musttodo\t5(hash)_qt\x64\debug\t5(hash)_qt.exe
d:\userdata\visual studio\repos\coursedesign\musttodo\t5(hash)_qt\x64\debug\t5(hash)_qt.ilk
d:\userdata\visual studio\repos\coursedesign\musttodo\t5(hash)_qt\x64\debug\t5(hash)_qt.pdb
d:\userdata\visual studio\repos\coursedesign\musttodo\t5(hash)_qt\t5(hash)_qt\x64\debug\moc\moc_t5hash_qt.cpp
d:\userdata\visual studio\repos\coursedesign\musttodo\t5(hash)_qt\t5(hash)_qt\x64\debug\rcc\qrc_t5hash_qt.cpp
d:\userdata\visual studio\repos\coursedesign\musttodo\t5(hash)_qt\t5(hash)_qt\x64\debug\uic\ui_t5hash_qt.h
d:\userdata\visual studio\repos\coursedesign\musttodo\t5(hash)_qt\t5(hash)_qt\x64\debug\t5(hash)_qt.tlog\cl.command.1.tlog
d:\userdata\visual studio\repos\coursedesign\musttodo\t5(hash)_qt\t5(hash)_qt\x64\debug\t5(hash)_qt.tlog\cl.read.1.tlog
d:\userdata\visual studio\repos\coursedesign\musttodo\t5(hash)_qt\t5(hash)_qt\x64\debug\t5(hash)_qt.tlog\cl.write.1.tlog
d:\userdata\visual studio\repos\coursedesign\musttodo\t5(hash)_qt\t5(hash)_qt\x64\debug\t5(hash)_qt.tlog\link.command.1.tlog
d:\userdata\visual studio\repos\coursedesign\musttodo\t5(hash)_qt\t5(hash)_qt\x64\debug\t5(hash)_qt.tlog\link.read.1.tlog
d:\userdata\visual studio\repos\coursedesign\musttodo\t5(hash)_qt\t5(hash)_qt\x64\debug\t5(hash)_qt.tlog\link.write.1.tlog
d:\userdata\visual studio\repos\coursedesign\musttodo\t5(hash)_qt\t5(hash)_qt\x64\debug\t5(hash)_qt.tlog\moc.read.1u.tlog
d:\userdata\visual studio\repos\coursedesign\musttodo\t5(hash)_qt\t5(hash)_qt\x64\debug\t5(hash)_qt.tlog\moc.write.1u.tlog
d:\userdata\visual studio\repos\coursedesign\musttodo\t5(hash)_qt\t5(hash)_qt\x64\debug\t5(hash)_qt.tlog\rcc.read.1u.tlog
d:\userdata\visual studio\repos\coursedesign\musttodo\t5(hash)_qt\t5(hash)_qt\x64\debug\t5(hash)_qt.tlog\rcc.write.1u.tlog
d:\userdata\visual studio\repos\coursedesign\musttodo\t5(hash)_qt\t5(hash)_qt\x64\debug\t5(hash)_qt.tlog\t5(hash)_qt.write.1u.tlog
d:\userdata\visual studio\repos\coursedesign\musttodo\t5(hash)_qt\t5(hash)_qt\x64\debug\t5(hash)_qt.tlog\uic.read.1u.tlog
d:\userdata\visual studio\repos\coursedesign\musttodo\t5(hash)_qt\t5(hash)_qt\x64\debug\t5(hash)_qt.tlog\uic.write.1u.tlog
