d:\userdata\visual studio\repos\coursedesign\musttodo\t4_qt\t4_qt\x64\debug\t4_qt.obj
d:\userdata\visual studio\repos\coursedesign\musttodo\t4_qt\t4_qt\x64\debug\main.obj
d:\userdata\visual studio\repos\coursedesign\musttodo\t4_qt\t4_qt\x64\debug\moc_t4_qt.obj
d:\userdata\visual studio\repos\coursedesign\musttodo\t4_qt\t4_qt\x64\debug\qrc_t4_qt.obj
d:\userdata\visual studio\repos\coursedesign\musttodo\t4_qt\t4_qt\x64\debug\vc142.pdb
d:\userdata\visual studio\repos\coursedesign\musttodo\t4_qt\t4_qt\x64\debug\bus.obj
d:\userdata\visual studio\repos\coursedesign\musttodo\t4_qt\x64\debug\t4_qt.exe
d:\userdata\visual studio\repos\coursedesign\musttodo\t4_qt\x64\debug\t4_qt.ilk
d:\userdata\visual studio\repos\coursedesign\musttodo\t4_qt\x64\debug\t4_qt.pdb
d:\userdata\visual studio\repos\coursedesign\musttodo\t4_qt\t4_qt\x64\debug\moc\moc_t4_qt.cpp
d:\userdata\visual studio\repos\coursedesign\musttodo\t4_qt\t4_qt\x64\debug\rcc\qrc_t4_qt.cpp
d:\userdata\visual studio\repos\coursedesign\musttodo\t4_qt\t4_qt\x64\debug\uic\ui_t4_qt.h
d:\userdata\visual studio\repos\coursedesign\musttodo\t4_qt\t4_qt\x64\debug\t4_qt.tlog\cl.command.1.tlog
d:\userdata\visual studio\repos\coursedesign\musttodo\t4_qt\t4_qt\x64\debug\t4_qt.tlog\cl.read.1.tlog
d:\userdata\visual studio\repos\coursedesign\musttodo\t4_qt\t4_qt\x64\debug\t4_qt.tlog\cl.write.1.tlog
d:\userdata\visual studio\repos\coursedesign\musttodo\t4_qt\t4_qt\x64\debug\t4_qt.tlog\link.command.1.tlog
d:\userdata\visual studio\repos\coursedesign\musttodo\t4_qt\t4_qt\x64\debug\t4_qt.tlog\link.read.1.tlog
d:\userdata\visual studio\repos\coursedesign\musttodo\t4_qt\t4_qt\x64\debug\t4_qt.tlog\link.write.1.tlog
d:\userdata\visual studio\repos\coursedesign\musttodo\t4_qt\t4_qt\x64\debug\t4_qt.tlog\moc.read.1u.tlog
d:\userdata\visual studio\repos\coursedesign\musttodo\t4_qt\t4_qt\x64\debug\t4_qt.tlog\moc.write.1u.tlog
d:\userdata\visual studio\repos\coursedesign\musttodo\t4_qt\t4_qt\x64\debug\t4_qt.tlog\rcc.read.1u.tlog
d:\userdata\visual studio\repos\coursedesign\musttodo\t4_qt\t4_qt\x64\debug\t4_qt.tlog\rcc.write.1u.tlog
d:\userdata\visual studio\repos\coursedesign\musttodo\t4_qt\t4_qt\x64\debug\t4_qt.tlog\t4_qt.write.1u.tlog
d:\userdata\visual studio\repos\coursedesign\musttodo\t4_qt\t4_qt\x64\debug\t4_qt.tlog\uic.read.1u.tlog
d:\userdata\visual studio\repos\coursedesign\musttodo\t4_qt\t4_qt\x64\debug\t4_qt.tlog\uic.write.1u.tlog
